<?xml version="1.0" encoding="UTF-8"?>
<!-- Generated by org.testng.reporters.JUnitReportReporter -->
<testsuite hostname="LAPTOP-DPKV436U" failures="0" tests="1" name="demoGit.Demo" time="0.012" errors="0" timestamp="2022-03-10T15:54:13 IST" skipped="0">
  <testcase classname="demoGit.Demo" name="demo" time="0.012"/>
  <system-out/>
</testsuite> <!-- demoGit.Demo -->
